<?xml version="1.0" encoding="UTF-8"?>
<testsuite xmlns:xsi="http://www.w3.org/2001/XMLSchema-instance" xsi:noNamespaceSchemaLocation="https://maven.apache.org/surefire/maven-surefire-plugin/xsd/surefire-test-report.xsd" version="3.0.2" name="com.webtechnology.ecommerce.EcommerceApplicationTests" time="5.74" tests="1" errors="0" skipped="0" failures="0">
  <properties>
[...]
</properties>
  <testcase name="contextLoads" classname="com.webtechnology.ecommerce.EcommerceApplicationTests" time="0.337">
    <system-out><![CDATA[23:45:08.078 [main] INFO org.springframework.test.context.support.AnnotationConfigContextLoaderUtils -- Could not detect default configuration classes for test class [com.webtechnology.ecommerce.EcommerceApplicationTests]: EcommerceApplicationTests does not declare any static, non-private, non-final, nested classes annotated with @Configuration.
23:45:08.178 [main] INFO org.springframework.boot.test.context.SpringBootTestContextBootstrapper -- Found @SpringBootConfiguration com.webtechnology.ecommerce.EcommerceApplication for test class com.webtechnology.ecommerce.EcommerceApplicationTests

  .   ____          _            __ _ _
 /\\ / ___'_ __ _ _(_)_ __  __ _ \ \ \ \
( ( )\___ | '_ | '_| | '_ \/ _` | \ \ \ \
 \\/  ___)| |_)| | | | | || (_| |  ) ) ) )
  '  |____| .__|_| |_|_| |_\__, | / / / /
 =========|_|==============|___/=/_/_/_/

 :: Spring Boot ::                (v3.5.0)

2026-04-08T23:45:08.679+07:00  INFO 15880 --- [           main] c.w.ecommerce.EcommerceApplicationTests  : Starting EcommerceApplicationTests using Java 17.0.12 with PID 15880 (started by ADMIN in C:\Users\ADMIN\OneDrive\Desktop\CN_Web\ecommerce)
2026-04-08T23:45:08.681+07:00  INFO 15880 --- [           main] c.w.ecommerce.EcommerceApplicationTests  : No active profile set, falling back to 1 default profile: "default"
2026-04-08T23:45:09.515+07:00  INFO 15880 --- [           main] .s.d.r.c.RepositoryConfigurationDelegate : Bootstrapping Spring Data JPA repositories in DEFAULT mode.
2026-04-08T23:45:09.606+07:00  INFO 15880 --- [           main] .s.d.r.c.RepositoryConfigurationDelegate : Finished Spring Data repository scanning in 75 ms. Found 1 JPA repository interface.
2026-04-08T23:45:10.143+07:00  INFO 15880 --- [           main] o.hibernate.jpa.internal.util.LogHelper  : HHH000204: Processing PersistenceUnitInfo [name: default]
2026-04-08T23:45:10.212+07:00  INFO 15880 --- [           main] org.hibernate.Version                    : HHH000412: Hibernate ORM core version 6.6.15.Final
2026-04-08T23:45:10.257+07:00  INFO 15880 --- [           main] o.h.c.internal.RegionFactoryInitiator    : HHH000026: Second-level cache disabled
2026-04-08T23:45:10.649+07:00  INFO 15880 --- [           main] o.s.o.j.p.SpringPersistenceUnitInfo      : No LoadTimeWeaver setup: ignoring JPA class transformer
2026-04-08T23:45:10.708+07:00  INFO 15880 --- [           main] com.zaxxer.hikari.HikariDataSource       : HikariPool-1 - Starting...
2026-04-08T23:45:10.905+07:00  INFO 15880 --- [           main] com.zaxxer.hikari.pool.HikariPool        : HikariPool-1 - Added connection conn0: url=jdbc:h2:mem:ecommerce-test user=SA
2026-04-08T23:45:10.906+07:00  INFO 15880 --- [           main] com.zaxxer.hikari.HikariDataSource       : HikariPool-1 - Start completed.
2026-04-08T23:45:10.963+07:00  INFO 15880 --- [           main] org.hibernate.orm.connections.pooling    : HHH10001005: Database info:
	Database JDBC URL [Connecting through datasource 'HikariDataSource (HikariPool-1)']
	Database driver: undefined/unknown
	Database version: 2.3.232
	Autocommit mode: undefined/unknown
	Isolation level: undefined/unknown
	Minimum pool size: undefined/unknown
	Maximum pool size: undefined/unknown
2026-04-08T23:45:11.735+07:00  INFO 15880 --- [           main] o.h.e.t.j.p.i.JtaPlatformInitiator       : HHH000489: No JTA platform available (set 'hibernate.transaction.jta.platform' to enable JTA platform integration)
2026-04-08T23:45:11.764+07:00  INFO 15880 --- [           main] j.LocalContainerEntityManagerFactoryBean : Initialized JPA EntityManagerFactory for persistence unit 'default'
2026-04-08T23:45:12.761+07:00  INFO 15880 --- [           main] r$InitializeUserDetailsManagerConfigurer : Global AuthenticationManager configured with UserDetailsService bean with name securityUserDetailsService
2026-04-08T23:45:13.313+07:00  INFO 15880 --- [           main] c.w.ecommerce.EcommerceApplicationTests  : Started EcommerceApplicationTests in 4.979 seconds (process running for 5.888)
]]></system-out>
  </testcase>
</testsuite>